<?xml version="1.0" encoding="UTF-8"?>
<testsuite name="ArrayQueueTest" tests="3" skipped="0" failures="0" errors="0" timestamp="2024-07-14T04:14:09" hostname="codespaces-a67ac3" time="0.011">
  <properties/>
  <testcase name="testExceptions()" classname="ArrayQueueTest" time="0.001"/>
  <testcase name="testEnqueue()" classname="ArrayQueueTest" time="0.0"/>
  <testcase name="testDequeue()" classname="ArrayQueueTest" time="0.001"/>
  <system-out><![CDATA[Running testExceptions...
testExceptions completed successfully.
Running testEnqueue...
testEnqueue completed successfully.
Running testDequeue...
testDequeue completed successfully.
]]></system-out>
  <system-err><![CDATA[]]></system-err>
</testsuite>
