<?xml version="1.0" encoding="UTF-8"?>
<testsuite name="BSTTest" tests="7" skipped="0" failures="0" errors="0" timestamp="2024-07-14T04:14:09" hostname="codespaces-a67ac3" time="0.03">
  <properties/>
  <testcase name="testAddNull()" classname="BSTTest" time="0.001"/>
  <testcase name="testContains()" classname="BSTTest" time="0.001"/>
  <testcase name="testRemoveNonExistent()" classname="BSTTest" time="0.0"/>
  <testcase name="testRemoveNull()" classname="BSTTest" time="0.001"/>
  <testcase name="testAddDuplicates()" classname="BSTTest" time="0.001"/>
  <testcase name="testAddAndRemove()" classname="BSTTest" time="0.002"/>
  <testcase name="testContainsAfterRemove()" classname="BSTTest" time="0.001"/>
  <system-out><![CDATA[]]></system-out>
  <system-err><![CDATA[]]></system-err>
</testsuite>
