<?xml version="1.0" encoding="UTF-8"?>
<testsuite name="ArrayQueueTest" tests="3" skipped="0" failures="0" errors="0" timestamp="2024-07-06T15:36:36" hostname="codespaces-a67ac3" time="0.008">
  <properties/>
  <testcase name="testExceptions()" classname="ArrayQueueTest" time="0.002"/>
  <testcase name="testEnqueue()" classname="ArrayQueueTest" time="0.002"/>
  <testcase name="testDequeue()" classname="ArrayQueueTest" time="0.002"/>
  <system-out><![CDATA[Running testExceptions...
testExceptions completed successfully.
Running testEnqueue...
testEnqueue completed successfully.
Running testDequeue...
testDequeue completed successfully.
]]></system-out>
  <system-err><![CDATA[]]></system-err>
</testsuite>
