<?xml version="1.0" encoding="UTF-8"?>
<testsuite name="SinglyLinkedListTest" tests="5" skipped="0" failures="0" errors="0" timestamp="2024-06-10T13:20:44" hostname="codespaces-1aa3b2" time="0.06">
  <properties/>
  <testcase name="testExceptions()" classname="SinglyLinkedListTest" time="0.025"/>
  <testcase name="testAddToFront()" classname="SinglyLinkedListTest" time="0.005"/>
  <testcase name="testRemoveFromBack()" classname="SinglyLinkedListTest" time="0.004"/>
  <testcase name="testAddToBack()" classname="SinglyLinkedListTest" time="0.007"/>
  <testcase name="testRemoveFromFront()" classname="SinglyLinkedListTest" time="0.004"/>
  <system-out><![CDATA[Running testExceptions...
testExceptions completed successfully.
Running testAddToFront...
testAddToFront completed successfully.
Running testRemoveFromBack...
testRemoveFromBack completed successfully.
Running testAddToBack...
testAddToBack completed successfully.
Running testRemoveFromFront...
testRemoveFromFront completed successfully.
]]></system-out>
  <system-err><![CDATA[]]></system-err>
</testsuite>
