<?xml version="1.0" encoding="UTF-8"?>
<testsuite name="TraversalsTest" tests="3" skipped="0" failures="0" errors="0" timestamp="2024-07-14T04:14:09" hostname="codespaces-a67ac3" time="0.006">
  <properties/>
  <testcase name="testPostorder()" classname="TraversalsTest" time="0.001"/>
  <testcase name="testPreorder()" classname="TraversalsTest" time="0.0"/>
  <testcase name="testInorder()" classname="TraversalsTest" time="0.0"/>
  <system-out><![CDATA[]]></system-out>
  <system-err><![CDATA[]]></system-err>
</testsuite>
