<?xml version="1.0" encoding="UTF-8"?>
<testsuite name="BSTTest" tests="7" skipped="0" failures="0" errors="0" timestamp="2024-07-13T17:30:04" hostname="codespaces-a67ac3" time="0.029">
  <properties/>
  <testcase name="testAddNull()" classname="BSTTest" time="0.002"/>
  <testcase name="testContains()" classname="BSTTest" time="0.005"/>
  <testcase name="testRemoveNonExistent()" classname="BSTTest" time="0.001"/>
  <testcase name="testRemoveNull()" classname="BSTTest" time="0.005"/>
  <testcase name="testAddDuplicates()" classname="BSTTest" time="0.001"/>
  <testcase name="testAddAndRemove()" classname="BSTTest" time="0.001"/>
  <testcase name="testContainsAfterRemove()" classname="BSTTest" time="0.001"/>
  <system-out><![CDATA[]]></system-out>
  <system-err><![CDATA[]]></system-err>
</testsuite>
