<?xml version="1.0" encoding="UTF-8"?>
<testsuite name="SinglyLinkedListTest" tests="5" skipped="0" failures="0" errors="0" timestamp="2024-07-13T15:16:08" hostname="codespaces-a67ac3" time="0.024">
  <properties/>
  <testcase name="testExceptions()" classname="SinglyLinkedListTest" time="0.006"/>
  <testcase name="testAddToFront()" classname="SinglyLinkedListTest" time="0.002"/>
  <testcase name="testRemoveFromBack()" classname="SinglyLinkedListTest" time="0.002"/>
  <testcase name="testAddToBack()" classname="SinglyLinkedListTest" time="0.002"/>
  <testcase name="testRemoveFromFront()" classname="SinglyLinkedListTest" time="0.004"/>
  <system-out><![CDATA[Running testExceptions...
testExceptions completed successfully.
Running testAddToFront...
testAddToFront completed successfully.
Running testRemoveFromBack...
testRemoveFromBack completed successfully.
Running testAddToBack...
testAddToBack completed successfully.
Running testRemoveFromFront...
testRemoveFromFront completed successfully.
]]></system-out>
  <system-err><![CDATA[]]></system-err>
</testsuite>
